<?xml version="1.0" encoding="UTF-8"?>
<!-- Generated by org.testng.reporters.JUnitXMLReporter -->
<testsuite hostname="DESKTOP-8TF8QGN" ignored="0" name="Test" tests="2" failures="1" timestamp="01 Jan 2020 16:59:10 GMT" time="0.059" errors="0">
  <testcase name="@BeforeMethod openapp" time="0.0" classname="GenericMethods.Generictest">
    <failure type="org.testng.TestNGException" message="
Can inject only one of &amp;lt;ITestContext, XmlTest, Method, Object[], ITestResult&amp;gt; into a @BeforeMethod annotated openapp.
For more information on native dependency injection please refer to http://testng.org/doc/documentation-main.html#native-dependency-injection">
      <![CDATA[org.testng.TestNGException: 
Can inject only one of <ITestContext, XmlTest, Method, Object[], ITestResult> into a @BeforeMethod annotated openapp.
For more information on native dependency injection please refer to http://testng.org/doc/documentation-main.html#native-dependency-injection
... Removed 25 stack frames]]>
    </failure>
  </testcase> <!-- @BeforeMethod openapp -->
  <testcase name="@AfterMethod closeapp" time="0.0" classname="GenericMethods.Generictest">
    <skipped/>
  </testcase> <!-- @AfterMethod closeapp -->
  <testcase name="valid_Login_logout" time="0.0" classname="regressiontestscript.Flipkart_end_to_end">
    <skipped/>
  </testcase> <!-- valid_Login_logout -->
  <testcase name="login" time="0.0" classname="GenericMethods.Generictest">
    <failure type="org.testng.TestNGException" message="
Cannot inject @Test annotated Method [login] with [class java.lang.String].
For more information on native dependency injection please refer to http://testng.org/doc/documentation-main.html#native-dependency-injection">
      <![CDATA[org.testng.TestNGException: 
Cannot inject @Test annotated Method [login] with [class java.lang.String].
For more information on native dependency injection please refer to http://testng.org/doc/documentation-main.html#native-dependency-injection
... Removed 24 stack frames]]>
    </failure>
  </testcase> <!-- login -->
</testsuite> <!-- Test -->
